<?xml version="1.0" encoding="UTF-8"?>
<testsuite name="org.lrc.liferay.toolbuilder.tests.functional.RunFeaturesTest" time="79.419" tests="280" errors="0" skipped="0" failures="0">
  <properties>
[...]
</properties>
  <testcase name="Given the admin user goes to the Tool Builder admin page" classname="Scenario: Choose an existing Tool Definition" time="0.349"/>
  <testcase name="And a tool definition called &quot;Test Tool&quot; exists" classname="Scenario: Choose an existing Tool Definition" time="0"/>
  <testcase name="And a tool definition called &quot;Test Tool 2&quot; exists" classname="Scenario: Choose an existing Tool Definition" time="0"/>
  <testcase name="Then the user selects &quot;Test Tool 2&quot; as default tool definition" classname="Scenario: Choose an existing Tool Definition" time="0"/>
  <testcase name="And the name of the selected tool definition is &quot;Test Tool 2&quot;" classname="Scenario: Choose an existing Tool Definition" time="0"/>
  <testcase name="When she goes to the Tool Instances Navigation Page" classname="Scenario: Choose an existing Tool Definition" time="0"/>
  <testcase name="And the name of the tool definition is &quot;Test Tool 2&quot;" classname="Scenario: Choose an existing Tool Definition" time="0"/>
  <testcase name="Scenario: Choose an existing Tool Definition" classname="Scenario: Choose an existing Tool Definition" time="4.685"/>
  <testcase name="Given the admin user goes to the Tool Builder admin page" classname="Scenario: Choose another existing Tool Definition" time="0"/>
  <testcase name="And a tool definition called &quot;Test Tool&quot; exists" classname="Scenario: Choose another existing Tool Definition" time="0"/>
  <testcase name="And a tool definition called &quot;Test Tool 2&quot; exists" classname="Scenario: Choose another existing Tool Definition" time="0.001"/>
  <testcase name="When the user selects &quot;Test Tool&quot; as default tool definition" classname="Scenario: Choose another existing Tool Definition" time="0"/>
  <testcase name="When the name of the selected tool definition is &quot;Test Tool&quot;" classname="Scenario: Choose another existing Tool Definition" time="0"/>
  <testcase name="And she goes to the Tool Instances Navigation Page" classname="Scenario: Choose another existing Tool Definition" time="0"/>
  <testcase name="And the name of the tool definition is &quot;Test Tool&quot;" classname="Scenario: Choose another existing Tool Definition" time="0.001"/>
  <testcase name="Scenario: Choose another existing Tool Definition" classname="Scenario: Choose another existing Tool Definition" time="3.886"/>
  <testcase name="When the user goes to the page http://localhost:8080/group/control_panel/manage?p_p_id=tooldefinition_WAR_toolBuilderportlet" classname="Scenario: An anonymous user canoot access tool-definition portlet" time="0.001"/>
  <testcase name="Then the login portlet is showed" classname="Scenario: An anonymous user canoot access tool-definition portlet" time="0"/>
  <testcase name="Scenario: An anonymous user canoot access tool-definition portlet" classname="Scenario: An anonymous user canoot access tool-definition portlet" time="2.308"/>
  <testcase name="Given the user goes to the Tool Instances Navigation Page" classname="Scenario: A non-admin logged user cannot access tool-definition portlet" time="0"/>
  <testcase name="And he logs in the system as test@guerrillamail.com with password test" classname="Scenario: A non-admin logged user cannot access tool-definition portlet" time="0"/>
  <testcase name="When he goes to the page http://localhost:8080/group/control_panel/manage?p_p_id=tooldefinition_WAR_toolBuilderportlet" classname="Scenario: A non-admin logged user cannot access tool-definition portlet" time="0"/>
  <testcase name="Then the page was not found" classname="Scenario: A non-admin logged user cannot access tool-definition portlet" time="0"/>
  <testcase name="Scenario: A non-admin logged user cannot access tool-definition portlet" classname="Scenario: A non-admin logged user cannot access tool-definition portlet" time="2.478"/>
  <testcase name="Given the admin user is on the Tool Builder admin page" classname="Scenario: Create a new void Tool Definition" time="0"/>
  <testcase name="When she chooses to create a new tool definition" classname="Scenario: Create a new void Tool Definition" time="0"/>
  <testcase name="And she provides the tool definition name as &quot;Mock Tool Type&quot;" classname="Scenario: Create a new void Tool Definition" time="0"/>
  <testcase name="And she returns to the Tool Definition admin page" classname="Scenario: Create a new void Tool Definition" time="0"/>
  <testcase name="Then a tool definition called &quot;Mock Tool Type&quot; exists" classname="Scenario: Create a new void Tool Definition" time="0"/>
  <testcase name="Scenario: Create a new void Tool Definition" classname="Scenario: Create a new void Tool Definition" time="2.338"/>
  <testcase name="Given the admin user is on the Tool Builder admin page" classname="Scenario: Create a new Tool Definition with steps" time="0"/>
  <testcase name="When she chooses to create a new tool definition" classname="Scenario: Create a new Tool Definition with steps" time="0.002"/>
  <testcase name="And she provides the tool definition name as &quot;My New Tool Type&quot;" classname="Scenario: Create a new Tool Definition with steps" time="0"/>
  <testcase name="And she adds in position 1 a step of type MOCK" classname="Scenario: Create a new Tool Definition with steps" time="0"/>
  <testcase name="And she adds in position 2 a step of type MOCK" classname="Scenario: Create a new Tool Definition with steps" time="0"/>
  <testcase name="And she adds in position 3 a step of type MOCK" classname="Scenario: Create a new Tool Definition with steps" time="0"/>
  <testcase name="And she returns to the Tool Definition admin page" classname="Scenario: Create a new Tool Definition with steps" time="0"/>
  <testcase name="Then a tool definition called &quot;My New Tool Type&quot; exists" classname="Scenario: Create a new Tool Definition with steps" time="0"/>
  <testcase name="And the user selects &quot;My New Tool Type&quot; as default tool definition" classname="Scenario: Create a new Tool Definition with steps" time="0"/>
  <testcase name="Scenario: Create a new Tool Definition with steps" classname="Scenario: Create a new Tool Definition with steps" time="2.185"/>
  <testcase name="Given the user is on the Tool Instances Navigation Page" classname="Scenario: Use new Tool Definition" time="0.001"/>
  <testcase name="And she logs in the system as test@guerrillamail.com with password test" classname="Scenario: Use new Tool Definition" time="0"/>
  <testcase name="And the name of the tool definition is &quot;My New Tool Type&quot;" classname="Scenario: Use new Tool Definition" time="0"/>
  <testcase name="When the user creates a tool instance called &quot;My New Tool Def Instance&quot;" classname="Scenario: Use new Tool Definition" time="0"/>
  <testcase name="And she selects the tool instance &quot;My New Tool Def Instance&quot;" classname="Scenario: Use new Tool Definition" time="0"/>
  <testcase name="When she chooses to step forward" classname="Scenario: Use new Tool Definition" time="0"/>
  <testcase name="When she chooses to step forward" classname="Scenario: Use new Tool Definition" time="0"/>
  <testcase name="When she chooses to step forward" classname="Scenario: Use new Tool Definition" time="0"/>
  <testcase name="When she chooses to step forward" classname="Scenario: Use new Tool Definition" time="0.001"/>
  <testcase name="And she returns to the Tool Instances Navigation Page" classname="Scenario: Use new Tool Definition" time="0"/>
  <testcase name="Then the tool instance called &quot;My New Tool Def Instance&quot; is on step 3" classname="Scenario: Use new Tool Definition" time="0.001"/>
  <testcase name="Scenario: Use new Tool Definition" classname="Scenario: Use new Tool Definition" time="2.354"/>
  <testcase name="Given the admin user is on the Tool Builder admin page" classname="Scenario: Create an existing Tool Definition" time="0"/>
  <testcase name="And a tool definition called &quot;My New Tool Type&quot; exists" classname="Scenario: Create an existing Tool Definition" time="0"/>
  <testcase name="When she chooses to create a new tool definition" classname="Scenario: Create an existing Tool Definition" time="0.003"/>
  <testcase name="And she provides the tool definition name as &quot;My New Tool Type&quot;" classname="Scenario: Create an existing Tool Definition" time="0"/>
  <testcase name="Then an error message with text &quot;Tool Definition called &quot;My New Tool Type&quot; already exists&quot; is shown for the new tool definition" classname="Scenario: Create an existing Tool Definition" time="0"/>
  <testcase name="Scenario: Create an existing Tool Definition" classname="Scenario: Create an existing Tool Definition" time="2.223"/>
  <testcase name="Given the admin user is on the Tool Builder admin page" classname="Scenario: Try to create an existing Tool Definition and change the name" time="0"/>
  <testcase name="And a tool definition called &quot;My New Tool Type&quot; exists" classname="Scenario: Try to create an existing Tool Definition and change the name" time="0"/>
  <testcase name="When she chooses to create a new tool definition" classname="Scenario: Try to create an existing Tool Definition and change the name" time="0"/>
  <testcase name="And she provides the tool definition name as &quot;My New Tool Type&quot;" classname="Scenario: Try to create an existing Tool Definition and change the name" time="0"/>
  <testcase name="Then an error message with text &quot;Tool Definition called &quot;My New Tool Type&quot; already exists&quot; is shown for the new tool definition" classname="Scenario: Try to create an existing Tool Definition and change the name" time="0"/>
  <testcase name="And she provides the tool definition name as &quot;My New Tool Type 2&quot;" classname="Scenario: Try to create an existing Tool Definition and change the name" time="0"/>
  <testcase name="And she adds in position 1 a step of type MOCK" classname="Scenario: Try to create an existing Tool Definition and change the name" time="0"/>
  <testcase name="And she adds in position 2 a step of type MOCK" classname="Scenario: Try to create an existing Tool Definition and change the name" time="0"/>
  <testcase name="And she returns to the Tool Definition admin page" classname="Scenario: Try to create an existing Tool Definition and change the name" time="0.001"/>
  <testcase name="Then a tool definition called &quot;My New Tool Type 2&quot; exists" classname="Scenario: Try to create an existing Tool Definition and change the name" time="0"/>
  <testcase name="Scenario: Try to create an existing Tool Definition and change the name" classname="Scenario: Try to create an existing Tool Definition and change the name" time="2.939"/>
  <testcase name="Given the admin user is on the Tool Builder admin page" classname="Scenario: Move a step forward without saving" time="0.001"/>
  <testcase name="And she chooses to create a new tool definition" classname="Scenario: Move a step forward without saving" time="0"/>
  <testcase name="And she provides the tool definition name as &quot;My editTest Tool Type&quot;" classname="Scenario: Move a step forward without saving" time="0"/>
  <testcase name="And she adds a step of type MOCK" classname="Scenario: Move a step forward without saving" time="0"/>
  <testcase name="And she adds a step of type MOCK" classname="Scenario: Move a step forward without saving" time="0"/>
  <testcase name="And she adds a step of type MOCK" classname="Scenario: Move a step forward without saving" time="0"/>
  <testcase name="And she returns to the Tool Definition admin page" classname="Scenario: Move a step forward without saving" time="0"/>
  <testcase name="And she chooses to edit the tool definition called &quot;My editTest Tool Type&quot;" classname="Scenario: Move a step forward without saving" time="0"/>
  <testcase name="When she moves the step 2 to step 3" classname="Scenario: Move a step forward without saving" time="0"/>
  <testcase name="Then the step 2 is in the position 3" classname="Scenario: Move a step forward without saving" time="0"/>
  <testcase name="Then the step 3 is in the position 2" classname="Scenario: Move a step forward without saving" time="0"/>
  <testcase name="And the step 2 is not in the position 2" classname="Scenario: Move a step forward without saving" time="0"/>
  <testcase name="And the step 3 is not in the position 3" classname="Scenario: Move a step forward without saving" time="0"/>
  <testcase name="Scenario: Move a step forward without saving" classname="Scenario: Move a step forward without saving" time="3.223"/>
  <testcase name="Given the admin user is on the Tool Builder admin page" classname="Scenario: Move a step forward and save" time="0"/>
  <testcase name="And she chooses to edit the tool definition called &quot;My editTest Tool Type&quot;" classname="Scenario: Move a step forward and save" time="0"/>
  <testcase name="And the steps positions are defined to compare" classname="Scenario: Move a step forward and save" time="0"/>
  <testcase name="When she moves the step 2 to step 3" classname="Scenario: Move a step forward and save" time="0"/>
  <testcase name="And she saves the steps order" classname="Scenario: Move a step forward and save" time="0"/>
  <testcase name="Then the step 1 is in the position 1" classname="Scenario: Move a step forward and save" time="0"/>
  <testcase name="And the former step 1 is in the position 1" classname="Scenario: Move a step forward and save" time="0"/>
  <testcase name="And the step 2 is in the position 2" classname="Scenario: Move a step forward and save" time="0"/>
  <testcase name="And the former step 2 is in the position 3" classname="Scenario: Move a step forward and save" time="0.001"/>
  <testcase name="And the step 3 is in the position 3" classname="Scenario: Move a step forward and save" time="0"/>
  <testcase name="And the former step 3 is in the position 2" classname="Scenario: Move a step forward and save" time="0"/>
  <testcase name="And she returns to the Tool Definition admin page" classname="Scenario: Move a step forward and save" time="0"/>
  <testcase name="Scenario: Move a step forward and save" classname="Scenario: Move a step forward and save" time="2.658"/>
  <testcase name="Given the admin user is on the Tool Builder admin page" classname="Scenario: Move a step backward and save" time="0.001"/>
  <testcase name="And she chooses to edit the tool definition called &quot;My editTest Tool Type&quot;" classname="Scenario: Move a step backward and save" time="0"/>
  <testcase name="And the steps positions are defined to compare" classname="Scenario: Move a step backward and save" time="0"/>
  <testcase name="When she moves the step 2 to step 1" classname="Scenario: Move a step backward and save" time="0"/>
  <testcase name="And she saves the steps order" classname="Scenario: Move a step backward and save" time="0"/>
  <testcase name="Then the step 1 is in the position 1" classname="Scenario: Move a step backward and save" time="0"/>
  <testcase name="And the former step 1 is in the position 2" classname="Scenario: Move a step backward and save" time="0"/>
  <testcase name="And the step 2 is in the position 2" classname="Scenario: Move a step backward and save" time="0.001"/>
  <testcase name="And the former step 2 is in the position 1" classname="Scenario: Move a step backward and save" time="0"/>
  <testcase name="And the step 3 is in the position 3" classname="Scenario: Move a step backward and save" time="0"/>
  <testcase name="And the former step 3 is in the position 3" classname="Scenario: Move a step backward and save" time="0"/>
  <testcase name="And she returns to the Tool Definition admin page" classname="Scenario: Move a step backward and save" time="0"/>
  <testcase name="Scenario: Move a step backward and save" classname="Scenario: Move a step backward and save" time="4.439"/>
  <testcase name="Given the admin user is on the Tool Builder admin page" classname="Scenario: Move a step and do not save" time="0.003"/>
  <testcase name="And she chooses to edit the tool definition called &quot;My editTest Tool Type&quot;" classname="Scenario: Move a step and do not save" time="0"/>
  <testcase name="And she chooses to edit the tool definition called &quot;My editTest Tool Type&quot;" classname="Scenario: Move a step and do not save" time="0"/>
  <testcase name="And the steps positions are defined to compare" classname="Scenario: Move a step and do not save" time="0"/>
  <testcase name="When she moves the step 2 to step 3" classname="Scenario: Move a step and do not save" time="0"/>
  <testcase name="And she returns to the Tool Definition admin page" classname="Scenario: Move a step and do not save" time="0"/>
  <testcase name="And she returns to the Tool Definition admin page" classname="Scenario: Move a step and do not save" time="0"/>
  <testcase name="And she saves the steps order" classname="Scenario: Move a step and do not save" time="0"/>
  <testcase name="Then the step 1 is in the position 1" classname="Scenario: Move a step and do not save" time="0"/>
  <testcase name="And the former step 1 is in the position 1" classname="Scenario: Move a step and do not save" time="0.001"/>
  <testcase name="And the step 2 is in the position 2" classname="Scenario: Move a step and do not save" time="0"/>
  <testcase name="And the former step 2 is in the position 2" classname="Scenario: Move a step and do not save" time="0"/>
  <testcase name="And the step 3 is in the position 3" classname="Scenario: Move a step and do not save" time="0"/>
  <testcase name="And the former step 3 is in the position 3" classname="Scenario: Move a step and do not save" time="0"/>
  <testcase name="Scenario: Move a step and do not save" classname="Scenario: Move a step and do not save" time="5.363"/>
  <testcase name="Given the admin user is on the Tool Builder admin page" classname="Scenario: Move a step to the beginning and save" time="0"/>
  <testcase name="And she chooses to edit the tool definition called &quot;My editTest Tool Type&quot;" classname="Scenario: Move a step to the beginning and save" time="0"/>
  <testcase name="And the steps positions are defined to compare" classname="Scenario: Move a step to the beginning and save" time="0"/>
  <testcase name="When she moves the step 3 to step 1" classname="Scenario: Move a step to the beginning and save" time="0"/>
  <testcase name="And she saves the steps order" classname="Scenario: Move a step to the beginning and save" time="0"/>
  <testcase name="Then the step 1 is in the position 1" classname="Scenario: Move a step to the beginning and save" time="0"/>
  <testcase name="And the former step 1 is in the position 2" classname="Scenario: Move a step to the beginning and save" time="0"/>
  <testcase name="And the step 2 is in the position 2" classname="Scenario: Move a step to the beginning and save" time="0"/>
  <testcase name="And the former step 2 is in the position 3" classname="Scenario: Move a step to the beginning and save" time="0"/>
  <testcase name="And the step 3 is in the position 3" classname="Scenario: Move a step to the beginning and save" time="0"/>
  <testcase name="And the former step 3 is in the position 1" classname="Scenario: Move a step to the beginning and save" time="0"/>
  <testcase name="Scenario: Move a step to the beginning and save" classname="Scenario: Move a step to the beginning and save" time="2.343"/>
  <testcase name="Given the admin user is on the Tool Builder admin page" classname="Scenario: Move a step to the end and save" time="0"/>
  <testcase name="And she chooses to edit the tool definition called &quot;My editTest Tool Type&quot;" classname="Scenario: Move a step to the end and save" time="0"/>
  <testcase name="And the steps positions are defined to compare" classname="Scenario: Move a step to the end and save" time="0"/>
  <testcase name="When she moves the step 1 to step 3" classname="Scenario: Move a step to the end and save" time="0"/>
  <testcase name="And she saves the steps order" classname="Scenario: Move a step to the end and save" time="0.001"/>
  <testcase name="Then the step 1 is in the position 1" classname="Scenario: Move a step to the end and save" time="0.001"/>
  <testcase name="And the former step 1 is in the position 3" classname="Scenario: Move a step to the end and save" time="0"/>
  <testcase name="And the step 2 is in the position 2" classname="Scenario: Move a step to the end and save" time="0"/>
  <testcase name="And the former step 2 is in the position 1" classname="Scenario: Move a step to the end and save" time="0"/>
  <testcase name="And the step 3 is in the position 3" classname="Scenario: Move a step to the end and save" time="0.001"/>
  <testcase name="And the former step 3 is in the position 2" classname="Scenario: Move a step to the end and save" time="0"/>
  <testcase name="Scenario: Move a step to the end and save" classname="Scenario: Move a step to the end and save" time="2.483"/>
  <testcase name="Given the admin user is on the Tool Builder admin page" classname="Scenario: Move a step and add another step" time="0.001"/>
  <testcase name="When she chooses to edit the tool definition called &quot;My editTest Tool Type&quot;" classname="Scenario: Move a step and add another step" time="0"/>
  <testcase name="And the steps positions are defined to compare" classname="Scenario: Move a step and add another step" time="0"/>
  <testcase name="And she moves the step 3 to step 1" classname="Scenario: Move a step and add another step" time="0"/>
  <testcase name="And the step 3 is in the position 1" classname="Scenario: Move a step and add another step" time="0"/>
  <testcase name="And she adds a step of type MOCK" classname="Scenario: Move a step and add another step" time="0.001"/>
  <testcase name="Then the former step 3 is in the position 1" classname="Scenario: Move a step and add another step" time="0"/>
  <testcase name="And the step 3 is in the position 3" classname="Scenario: Move a step and add another step" time="0"/>
  <testcase name="And the step 1 is in the position 1" classname="Scenario: Move a step and add another step" time="0.001"/>
  <testcase name="Scenario: Move a step and add another step" classname="Scenario: Move a step and add another step" time="2.389"/>
  <testcase name="Given the admin user is on the Tool Builder admin page" classname="Scenario: Move a new added step" time="0"/>
  <testcase name="When she chooses to edit the tool definition called &quot;My editTest Tool Type&quot;" classname="Scenario: Move a new added step" time="0"/>
  <testcase name="And she adds a step of type MOCK" classname="Scenario: Move a new added step" time="0"/>
  <testcase name="And the steps positions are defined to compare" classname="Scenario: Move a new added step" time="0"/>
  <testcase name="And she moves the step 4 to step 2" classname="Scenario: Move a new added step" time="0.001"/>
  <testcase name="Then the step 4 is in the position 2" classname="Scenario: Move a new added step" time="0"/>
  <testcase name="And the step 2 is in the position 3" classname="Scenario: Move a new added step" time="0"/>
  <testcase name="And the step 3 is in the position 4" classname="Scenario: Move a new added step" time="0"/>
  <testcase name="And she returns to the Tool Definition admin page" classname="Scenario: Move a new added step" time="0"/>
  <testcase name="And she selects to delete the tool definition called &quot;My editTest Tool Type&quot;" classname="Scenario: Move a new added step" time="0"/>
  <testcase name="And she confirms the deletion" classname="Scenario: Move a new added step" time="0"/>
  <testcase name="Scenario: Move a new added step" classname="Scenario: Move a new added step" time="2.463"/>
  <testcase name="Given the admin user is on the Tool Builder admin page" classname="Scenario: Delete an existing step definition" time="0"/>
  <testcase name="And she chooses to create a new tool definition" classname="Scenario: Delete an existing step definition" time="0"/>
  <testcase name="And she provides the tool definition name as &quot;My editTest Tool Type&quot;" classname="Scenario: Delete an existing step definition" time="0"/>
  <testcase name="And she adds a step of type MOCK" classname="Scenario: Delete an existing step definition" time="0"/>
  <testcase name="And she adds a step of type MOCK" classname="Scenario: Delete an existing step definition" time="0"/>
  <testcase name="And she adds a step of type MOCK" classname="Scenario: Delete an existing step definition" time="0"/>
  <testcase name="And she returns to the Tool Definition admin page" classname="Scenario: Delete an existing step definition" time="0"/>
  <testcase name="And she chooses to edit the tool definition called &quot;My editTest Tool Type&quot;" classname="Scenario: Delete an existing step definition" time="0.001"/>
  <testcase name="And the current tool definition has 3 step definitions" classname="Scenario: Delete an existing step definition" time="0.001"/>
  <testcase name="And the steps positions are defined to compare" classname="Scenario: Delete an existing step definition" time="0"/>
  <testcase name="When she clicks to delete the step 2" classname="Scenario: Delete an existing step definition" time="0"/>
  <testcase name="And she confirms the step deletion" classname="Scenario: Delete an existing step definition" time="0"/>
  <testcase name="And she saves the steps order" classname="Scenario: Delete an existing step definition" time="0.002"/>
  <testcase name="And the former step 3 is in the position 2" classname="Scenario: Delete an existing step definition" time="0"/>
  <testcase name="And the current tool definition has 2 step definitions" classname="Scenario: Delete an existing step definition" time="0"/>
  <testcase name="Scenario: Delete an existing step definition" classname="Scenario: Delete an existing step definition" time="2.469"/>
  <testcase name="Given the admin user is on the Tool Builder admin page" classname="Scenario: Delete all existing step definitions" time="0.001"/>
  <testcase name="And she chooses to edit the tool definition called &quot;My editTest Tool Type&quot;" classname="Scenario: Delete all existing step definitions" time="0"/>
  <testcase name="When she clicks to delete the step 2" classname="Scenario: Delete all existing step definitions" time="0.001"/>
  <testcase name="And she confirms the step deletion" classname="Scenario: Delete all existing step definitions" time="0"/>
  <testcase name="And she confirms the step deletion" classname="Scenario: Delete all existing step definitions" time="0"/>
  <testcase name="And she clicks to delete the step 1" classname="Scenario: Delete all existing step definitions" time="0"/>
  <testcase name="Then the current tool definition has 0 step definitions" classname="Scenario: Delete all existing step definitions" time="0.001"/>
  <testcase name="Scenario: Delete all existing step definitions" classname="Scenario: Delete all existing step definitions" time="2.206"/>
  <testcase name="Given the admin user is on the Tool Builder admin page" classname="Scenario: Delete a newly created step definition" time="0.001"/>
  <testcase name="And she chooses to edit the tool definition called &quot;My editTest Tool Type&quot;" classname="Scenario: Delete a newly created step definition" time="0"/>
  <testcase name="And she chooses to edit the tool definition called &quot;My editTest Tool Type&quot;" classname="Scenario: Delete a newly created step definition" time="0"/>
  <testcase name="And she adds a step of type MOCK" classname="Scenario: Delete a newly created step definition" time="0"/>
  <testcase name="When she clicks to delete the step 1" classname="Scenario: Delete a newly created step definition" time="0"/>
  <testcase name="And she confirms the step deletion" classname="Scenario: Delete a newly created step definition" time="0"/>
  <testcase name="And she returns to the Tool Definition admin page" classname="Scenario: Delete a newly created step definition" time="0.001"/>
  <testcase name="Then the current tool definition has 0 step definitions" classname="Scenario: Delete a newly created step definition" time="0"/>
  <testcase name="Scenario: Delete a newly created step definition" classname="Scenario: Delete a newly created step definition" time="2.213"/>
  <testcase name="Given the admin user is on the Tool Builder admin page" classname="Scenario: Delete a newly created step definition of a newly created tool definition" time="0.001"/>
  <testcase name="And she chooses to create a new tool definition" classname="Scenario: Delete a newly created step definition of a newly created tool definition" time="0"/>
  <testcase name="And she provides the tool definition name as &quot;My editTest Tool Type 2&quot;" classname="Scenario: Delete a newly created step definition of a newly created tool definition" time="0"/>
  <testcase name="And she adds a step of type MOCK" classname="Scenario: Delete a newly created step definition of a newly created tool definition" time="0.001"/>
  <testcase name="When she clicks to delete the step 1" classname="Scenario: Delete a newly created step definition of a newly created tool definition" time="0.001"/>
  <testcase name="And she confirms the step deletion" classname="Scenario: Delete a newly created step definition of a newly created tool definition" time="0"/>
  <testcase name="And she returns to the Tool Definition admin page" classname="Scenario: Delete a newly created step definition of a newly created tool definition" time="0"/>
  <testcase name="And she chooses to edit the tool definition called &quot;My editTest Tool Type 2&quot;" classname="Scenario: Delete a newly created step definition of a newly created tool definition" time="0"/>
  <testcase name="Then the current tool definition has 0 step definitions" classname="Scenario: Delete a newly created step definition of a newly created tool definition" time="0"/>
  <testcase name="Scenario: Delete a newly created step definition of a newly created tool definition" classname="Scenario: Delete a newly created step definition of a newly created tool definition" time="3.642"/>
  <testcase name="Given the admin user is on the Tool Builder admin page" classname="Scenario: Delete a tool definition with steps" time="0.001"/>
  <testcase name="And she chooses to create a new tool definition" classname="Scenario: Delete a tool definition with steps" time="0"/>
  <testcase name="And she provides the tool definition name as &quot;My Deleted Tool Type&quot;" classname="Scenario: Delete a tool definition with steps" time="0"/>
  <testcase name="And she adds a step of type MOCK" classname="Scenario: Delete a tool definition with steps" time="0"/>
  <testcase name="And she adds a step of type MOCK" classname="Scenario: Delete a tool definition with steps" time="0"/>
  <testcase name="And she adds a step of type MOCK" classname="Scenario: Delete a tool definition with steps" time="0.001"/>
  <testcase name="And she returns to the Tool Definition admin page" classname="Scenario: Delete a tool definition with steps" time="0"/>
  <testcase name="When she selects to delete the tool definition called &quot;My Deleted Tool Type&quot;" classname="Scenario: Delete a tool definition with steps" time="0"/>
  <testcase name="And she confirms the deletion of the tool definition called &quot;My Deleted Tool Type&quot;" classname="Scenario: Delete a tool definition with steps" time="0"/>
  <testcase name="Then a tool definition called &quot;My Deleted Tool Type&quot; does not exist" classname="Scenario: Delete a tool definition with steps" time="0"/>
  <testcase name="Scenario: Delete a tool definition with steps" classname="Scenario: Delete a tool definition with steps" time="3.998"/>
  <testcase name="Given the admin user is on the Tool Builder admin page" classname="Scenario: Delete a tool definition without steps" time="0"/>
  <testcase name="And she chooses to create a new tool definition" classname="Scenario: Delete a tool definition without steps" time="0"/>
  <testcase name="And she provides the tool definition name as &quot;My Deleted Tool Type 2&quot;" classname="Scenario: Delete a tool definition without steps" time="0"/>
  <testcase name="And she returns to the Tool Definition admin page" classname="Scenario: Delete a tool definition without steps" time="0.001"/>
  <testcase name="When she selects to delete the tool definition called &quot;My Deleted Tool Type 2&quot;" classname="Scenario: Delete a tool definition without steps" time="0"/>
  <testcase name="And she confirms the deletion of the tool definition called &quot;My Deleted Tool Type 2&quot;" classname="Scenario: Delete a tool definition without steps" time="0"/>
  <testcase name="Then a tool definition called &quot;My Deleted Tool Type 2&quot; does not exist" classname="Scenario: Delete a tool definition without steps" time="0"/>
  <testcase name="Scenario: Delete a tool definition without steps" classname="Scenario: Delete a tool definition without steps" time="2.264"/>
  <testcase name="Given the admin user is on the Tool Builder admin page" classname="Scenario: Delete existing tool definitions" time="0"/>
  <testcase name="And a tool definition called &quot;My New Tool Type 2&quot; exists" classname="Scenario: Delete existing tool definitions" time="0"/>
  <testcase name="And a tool definition called &quot;Mock Tool Type&quot; exists" classname="Scenario: Delete existing tool definitions" time="0"/>
  <testcase name="When she selects to delete the tool definition called &quot;My New Tool Type 2&quot;" classname="Scenario: Delete existing tool definitions" time="0"/>
  <testcase name="And she confirms the deletion of the tool definition called &quot;My New Tool Type 2&quot;" classname="Scenario: Delete existing tool definitions" time="0"/>
  <testcase name="And she selects to delete the tool definition called &quot;Mock Tool Type&quot;" classname="Scenario: Delete existing tool definitions" time="0"/>
  <testcase name="And she confirms the deletion of the tool definition called &quot;Mock Tool Type&quot;" classname="Scenario: Delete existing tool definitions" time="0"/>
  <testcase name="Then a tool definition called &quot;My New Tool Type 2&quot; does not exist" classname="Scenario: Delete existing tool definitions" time="0"/>
  <testcase name="And a tool definition called &quot;Mock Tool Type&quot; does not exist" classname="Scenario: Delete existing tool definitions" time="0.001"/>
  <testcase name="Scenario: Delete existing tool definitions" classname="Scenario: Delete existing tool definitions" time="2.45"/>
  <testcase name="Given the admin user is on the Tool Builder admin page" classname="Scenario: Try to edit or delete the selected Tool Definition with tool instances associated" time="0"/>
  <testcase name="When the name of the selected tool definition is &quot;My New Tool Type&quot;" classname="Scenario: Try to edit or delete the selected Tool Definition with tool instances associated" time="0"/>
  <testcase name="Then a tooltip message with text &quot;unselect-or-delete-instances-to-configure-delete-tooldef&quot; is shown for the buttons on tool definition &quot;My New Tool Type&quot;" classname="Scenario: Try to edit or delete the selected Tool Definition with tool instances associated" time="0"/>
  <testcase name="And the button to delete the tool definition called &quot;My New Tool Type&quot; is disabled" classname="Scenario: Try to edit or delete the selected Tool Definition with tool instances associated" time="0"/>
  <testcase name="And the button to configure the tool definition called &quot;My New Tool Type&quot; is disabled" classname="Scenario: Try to edit or delete the selected Tool Definition with tool instances associated" time="0"/>
  <testcase name="Scenario: Try to edit or delete the selected Tool Definition with tool instances associated" classname="Scenario: Try to edit or delete the selected Tool Definition with tool instances associated" time="2.178"/>
  <testcase name="Given the user is on the Tool Instances Navigation Page" classname="Scenario: Try to edit or delete a non-selected Tool Definition with tool instances associated" time="0.001"/>
  <testcase name="And a tool instance called &quot;My New Tool Def Instance&quot; exists" classname="Scenario: Try to edit or delete a non-selected Tool Definition with tool instances associated" time="0.001"/>
  <testcase name="When the admin user goes to the Tool Builder admin page" classname="Scenario: Try to edit or delete a non-selected Tool Definition with tool instances associated" time="0"/>
  <testcase name="And she selects &quot;Test Tool 2&quot; as default tool definition" classname="Scenario: Try to edit or delete a non-selected Tool Definition with tool instances associated" time="0"/>
  <testcase name="Then a tooltip message with text &quot;unselect-or-delete-instances-to-configure-delete-tooldef&quot; is shown for the buttons on tool definition &quot;My New Tool Type&quot;" classname="Scenario: Try to edit or delete a non-selected Tool Definition with tool instances associated" time="0"/>
  <testcase name="And the button to delete the tool definition called &quot;My New Tool Type&quot; is disabled" classname="Scenario: Try to edit or delete a non-selected Tool Definition with tool instances associated" time="0"/>
  <testcase name="And the button to configure the tool definition called &quot;My New Tool Type&quot; is disabled" classname="Scenario: Try to edit or delete a non-selected Tool Definition with tool instances associated" time="0"/>
  <testcase name="Scenario: Try to edit or delete a non-selected Tool Definition with tool instances associated" classname="Scenario: Try to edit or delete a non-selected Tool Definition with tool instances associated" time="2.366"/>
  <testcase name="Given the user is on the Tool Instances Navigation Page" classname="Scenario: Try to edit or delete the selected Tool Definition without tool instances associated" time="0"/>
  <testcase name="And there are no Tool Instances" classname="Scenario: Try to edit or delete the selected Tool Definition without tool instances associated" time="0"/>
  <testcase name="When the admin user goes to the Tool Builder admin page" classname="Scenario: Try to edit or delete the selected Tool Definition without tool instances associated" time="0"/>
  <testcase name="And the name of the selected tool definition is &quot;Test Tool 2&quot;" classname="Scenario: Try to edit or delete the selected Tool Definition without tool instances associated" time="0"/>
  <testcase name="Then a tooltip message with text &quot;unselect-or-delete-instances-to-configure-delete-tooldef&quot; is shown for the buttons on tool definition &quot;Test Tool 2&quot;" classname="Scenario: Try to edit or delete the selected Tool Definition without tool instances associated" time="0"/>
  <testcase name="And the button to delete the tool definition called &quot;Test Tool 2&quot; is disabled" classname="Scenario: Try to edit or delete the selected Tool Definition without tool instances associated" time="0"/>
  <testcase name="And the button to configure the tool definition called &quot;Test Tool 2&quot; is disabled" classname="Scenario: Try to edit or delete the selected Tool Definition without tool instances associated" time="0"/>
  <testcase name="Scenario: Try to edit or delete the selected Tool Definition without tool instances associated" classname="Scenario: Try to edit or delete the selected Tool Definition without tool instances associated" time="2.101"/>
  <testcase name="Given the admin user is on the Tool Builder admin page" classname="Scenario: Delete associated tool instances, deselect and delete an existing Tool Definition" time="0"/>
  <testcase name="And she selects &quot;My New Tool Type&quot; as default tool definition" classname="Scenario: Delete associated tool instances, deselect and delete an existing Tool Definition" time="0"/>
  <testcase name="And she goes to the Tool Instances Navigation Page" classname="Scenario: Delete associated tool instances, deselect and delete an existing Tool Definition" time="0"/>
  <testcase name="And a tool instance called &quot;My New Tool Def Instance&quot; exists" classname="Scenario: Delete associated tool instances, deselect and delete an existing Tool Definition" time="0"/>
  <testcase name="When the user selects the tool instance &quot;My New Tool Def Instance&quot;" classname="Scenario: Delete associated tool instances, deselect and delete an existing Tool Definition" time="0"/>
  <testcase name="And she deletes the current tool instance" classname="Scenario: Delete associated tool instances, deselect and delete an existing Tool Definition" time="0"/>
  <testcase name="And she logs out" classname="Scenario: Delete associated tool instances, deselect and delete an existing Tool Definition" time="0"/>
  <testcase name="And the admin user goes to the Tool Builder admin page" classname="Scenario: Delete associated tool instances, deselect and delete an existing Tool Definition" time="0"/>
  <testcase name="And a tooltip message with text &quot;unselect-or-delete-instances-to-configure-delete-tooldef&quot; is shown for the buttons on tool definition &quot;My New Tool Type&quot;" classname="Scenario: Delete associated tool instances, deselect and delete an existing Tool Definition" time="0"/>
  <testcase name="And the user selects &quot;Test Tool&quot; as default tool definition" classname="Scenario: Delete associated tool instances, deselect and delete an existing Tool Definition" time="0"/>
  <testcase name="And the button to delete the tool definition called &quot;My New Tool Type&quot; is enabled" classname="Scenario: Delete associated tool instances, deselect and delete an existing Tool Definition" time="0"/>
  <testcase name="And the button to configure the tool definition called &quot;My New Tool Type&quot; is enabled" classname="Scenario: Delete associated tool instances, deselect and delete an existing Tool Definition" time="0"/>
  <testcase name="And she selects to delete the tool definition called &quot;My New Tool Type&quot;" classname="Scenario: Delete associated tool instances, deselect and delete an existing Tool Definition" time="0"/>
  <testcase name="And she confirms the deletion" classname="Scenario: Delete associated tool instances, deselect and delete an existing Tool Definition" time="0"/>
  <testcase name="Then a tool definition called &quot;My New Tool Type&quot; does not exist" classname="Scenario: Delete associated tool instances, deselect and delete an existing Tool Definition" time="0"/>
  <testcase name="Scenario: Delete associated tool instances, deselect and delete an existing Tool Definition" classname="Scenario: Delete associated tool instances, deselect and delete an existing Tool Definition" time="2.383"/>
</testsuite>